<?xml version="1.0" encoding="UTF-8"?>
<testsuite name="mockito.business.TodoInjectMockTest" tests="1" skipped="0" failures="0" errors="0" timestamp="2020-08-23T19:19:29" hostname="LAPTOP-7HCA86ER" time="0.018">
  <properties/>
  <testcase name="test" classname="mockito.business.TodoInjectMockTest" time="0.018"/>
  <system-out><![CDATA[]]></system-out>
  <system-err><![CDATA[]]></system-err>
</testsuite>
